<?xml version="1.0" encoding="UTF-8"?>
<testsuite name="Cucumber" time="0.286" tests="1" skipped="0" failures="0" errors="0" timestamp="2025-06-17T05:08:06.072141500Z">
<testcase classname="To test login functionality" name="Login is sucessful with valid credentials" time="0.026">
<system-out><![CDATA[
Given user is on login page.................................................passed
When user enters username and password......................................passed
And clicks on Login button..................................................passed
Then user navigate to the home page.........................................passed
]]></system-out>
</testcase>
</testsuite>
